  Camera.cpp
  Component.cpp
  Hitbox2D.cpp
  Transform.cpp
  Window.cpp
C:\Development\Oxcart\Oxcart\src\core\Window.h(40,21): warning C4251: 'Window::myTitle': class 'std::basic_string<char,std::char_traits<char>,std::allocator<char>>' needs to have dll-interface to be used by clients of class 'Window'
C:\Program Files (x86)\Microsoft Visual Studio\2019\Community\VC\Tools\MSVC\14.27.29110\include\xstring(4564): message : see declaration of 'std::basic_string<char,std::char_traits<char>,std::allocator<char>>'
C:\Development\Oxcart\Oxcart\src\core\Window.h(23,47): warning C4244: 'return': conversion from 'const int' to 'float', possible loss of data
C:\Development\Oxcart\Oxcart\src\core\Window.h(24,48): warning C4244: 'return': conversion from 'const int' to 'float', possible loss of data
C:\Development\Oxcart\Oxcart\src\input\Keyboard.h(21,50): warning C4251: 'Keyboard::myKeyStates': class 'std::unordered_map<int,bool,std::hash<int>,std::equal_to<int>,std::allocator<std::pair<const int,bool>>>' needs to have dll-interface to be used by clients of class 'Keyboard'
C:\Development\Oxcart\Oxcart\src\input\Keyboard.h(21): message : see declaration of 'std::unordered_map<int,bool,std::hash<int>,std::equal_to<int>,std::allocator<std::pair<const int,bool>>>'
C:\Development\Oxcart\Oxcart\src\core\Window.cpp(66,25): warning C4244: 'initializing': conversion from 'double' to 'float', possible loss of data
  Mesh.cpp
C:\Development\Oxcart\Oxcart\src\data\Texture2D.h(12,18): warning C4251: 'Texture2D::type': class 'std::basic_string<char,std::char_traits<char>,std::allocator<char>>' needs to have dll-interface to be used by clients of struct 'Texture2D'
C:\Program Files (x86)\Microsoft Visual Studio\2019\Community\VC\Tools\MSVC\14.27.29110\include\xstring(4564): message : see declaration of 'std::basic_string<char,std::char_traits<char>,std::allocator<char>>'
C:\Development\Oxcart\Oxcart\src\data\Texture2D.h(13,18): warning C4251: 'Texture2D::path': class 'std::basic_string<char,std::char_traits<char>,std::allocator<char>>' needs to have dll-interface to be used by clients of struct 'Texture2D'
C:\Program Files (x86)\Microsoft Visual Studio\2019\Community\VC\Tools\MSVC\14.27.29110\include\xstring(4564): message : see declaration of 'std::basic_string<char,std::char_traits<char>,std::allocator<char>>'
C:\Development\Oxcart\Oxcart\src\graphics\Shader.h(32,24): warning C4251: 'Shader::myFilePath': class 'std::basic_string<char,std::char_traits<char>,std::allocator<char>>' needs to have dll-interface to be used by clients of class 'Shader'
C:\Program Files (x86)\Microsoft Visual Studio\2019\Community\VC\Tools\MSVC\14.27.29110\include\xstring(4564): message : see declaration of 'std::basic_string<char,std::char_traits<char>,std::allocator<char>>'
C:\Development\Oxcart\Oxcart\src\graphics\Shader.h(33,28): warning C4251: 'Shader::myVertexShader': class 'std::basic_string<char,std::char_traits<char>,std::allocator<char>>' needs to have dll-interface to be used by clients of class 'Shader'
C:\Program Files (x86)\Microsoft Visual Studio\2019\Community\VC\Tools\MSVC\14.27.29110\include\xstring(4564): message : see declaration of 'std::basic_string<char,std::char_traits<char>,std::allocator<char>>'
C:\Development\Oxcart\Oxcart\src\graphics\Shader.h(34,30): warning C4251: 'Shader::myFragmentShader': class 'std::basic_string<char,std::char_traits<char>,std::allocator<char>>' needs to have dll-interface to be used by clients of class 'Shader'
C:\Program Files (x86)\Microsoft Visual Studio\2019\Community\VC\Tools\MSVC\14.27.29110\include\xstring(4564): message : see declaration of 'std::basic_string<char,std::char_traits<char>,std::allocator<char>>'
C:\Development\Oxcart\Oxcart\src\data\Mesh.h(20,32): warning C4251: 'Mesh::myVertices': class 'std::vector<Vertex,std::allocator<Vertex>>' needs to have dll-interface to be used by clients of class 'Mesh'
C:\Development\Oxcart\Oxcart\src\data\Mesh.h(14): message : see declaration of 'std::vector<Vertex,std::allocator<Vertex>>'
C:\Development\Oxcart\Oxcart\src\data\Mesh.h(21,37): warning C4251: 'Mesh::myIndices': class 'std::vector<unsigned int,std::allocator<unsigned int>>' needs to have dll-interface to be used by clients of class 'Mesh'
C:\Development\Oxcart\Oxcart\src\data\Mesh.h(14): message : see declaration of 'std::vector<unsigned int,std::allocator<unsigned int>>'
C:\Development\Oxcart\Oxcart\src\data\Mesh.h(22,35): warning C4251: 'Mesh::myTextures': class 'std::vector<Texture2D,std::allocator<Texture2D>>' needs to have dll-interface to be used by clients of class 'Mesh'
C:\Development\Oxcart\Oxcart\src\data\Mesh.h(14): message : see declaration of 'std::vector<Texture2D,std::allocator<Texture2D>>'
  Model.cpp
C:\Development\Oxcart\Oxcart\src\data\Texture2D.h(12,18): warning C4251: 'Texture2D::type': class 'std::basic_string<char,std::char_traits<char>,std::allocator<char>>' needs to have dll-interface to be used by clients of struct 'Texture2D'
C:\Program Files (x86)\Microsoft Visual Studio\2019\Community\VC\Tools\MSVC\14.27.29110\include\xstring(4564): message : see declaration of 'std::basic_string<char,std::char_traits<char>,std::allocator<char>>'
C:\Development\Oxcart\Oxcart\src\data\Texture2D.h(13,18): warning C4251: 'Texture2D::path': class 'std::basic_string<char,std::char_traits<char>,std::allocator<char>>' needs to have dll-interface to be used by clients of struct 'Texture2D'
C:\Program Files (x86)\Microsoft Visual Studio\2019\Community\VC\Tools\MSVC\14.27.29110\include\xstring(4564): message : see declaration of 'std::basic_string<char,std::char_traits<char>,std::allocator<char>>'
C:\Development\Oxcart\Oxcart\src\graphics\Shader.h(32,24): warning C4251: 'Shader::myFilePath': class 'std::basic_string<char,std::char_traits<char>,std::allocator<char>>' needs to have dll-interface to be used by clients of class 'Shader'
C:\Program Files (x86)\Microsoft Visual Studio\2019\Community\VC\Tools\MSVC\14.27.29110\include\xstring(4564): message : see declaration of 'std::basic_string<char,std::char_traits<char>,std::allocator<char>>'
C:\Development\Oxcart\Oxcart\src\graphics\Shader.h(33,28): warning C4251: 'Shader::myVertexShader': class 'std::basic_string<char,std::char_traits<char>,std::allocator<char>>' needs to have dll-interface to be used by clients of class 'Shader'
C:\Program Files (x86)\Microsoft Visual Studio\2019\Community\VC\Tools\MSVC\14.27.29110\include\xstring(4564): message : see declaration of 'std::basic_string<char,std::char_traits<char>,std::allocator<char>>'
C:\Development\Oxcart\Oxcart\src\graphics\Shader.h(34,30): warning C4251: 'Shader::myFragmentShader': class 'std::basic_string<char,std::char_traits<char>,std::allocator<char>>' needs to have dll-interface to be used by clients of class 'Shader'
C:\Program Files (x86)\Microsoft Visual Studio\2019\Community\VC\Tools\MSVC\14.27.29110\include\xstring(4564): message : see declaration of 'std::basic_string<char,std::char_traits<char>,std::allocator<char>>'
C:\Development\Oxcart\Oxcart\src\data\Mesh.h(20,32): warning C4251: 'Mesh::myVertices': class 'std::vector<Vertex,std::allocator<Vertex>>' needs to have dll-interface to be used by clients of class 'Mesh'
C:\Development\Oxcart\Oxcart\src\data\Mesh.h(14): message : see declaration of 'std::vector<Vertex,std::allocator<Vertex>>'
C:\Development\Oxcart\Oxcart\src\data\Mesh.h(21,37): warning C4251: 'Mesh::myIndices': class 'std::vector<unsigned int,std::allocator<unsigned int>>' needs to have dll-interface to be used by clients of class 'Mesh'
C:\Development\Oxcart\Oxcart\src\data\Mesh.h(14): message : see declaration of 'std::vector<unsigned int,std::allocator<unsigned int>>'
C:\Development\Oxcart\Oxcart\src\data\Mesh.h(22,35): warning C4251: 'Mesh::myTextures': class 'std::vector<Texture2D,std::allocator<Texture2D>>' needs to have dll-interface to be used by clients of class 'Mesh'
C:\Development\Oxcart\Oxcart\src\data\Mesh.h(14): message : see declaration of 'std::vector<Texture2D,std::allocator<Texture2D>>'
C:\Development\Oxcart\Oxcart\src\data\Model.h(19,28): warning C4251: 'Model::myMeshes': class 'std::vector<Mesh,std::allocator<Mesh>>' needs to have dll-interface to be used by clients of class 'Model'
C:\Development\Oxcart\Oxcart\src\data\Model.h(19): message : see declaration of 'std::vector<Mesh,std::allocator<Mesh>>'
C:\Development\Oxcart\Oxcart\src\data\Model.h(20,25): warning C4251: 'Model::myDirectory': class 'std::basic_string<char,std::char_traits<char>,std::allocator<char>>' needs to have dll-interface to be used by clients of class 'Model'
C:\Program Files (x86)\Microsoft Visual Studio\2019\Community\VC\Tools\MSVC\14.27.29110\include\xstring(4564): message : see declaration of 'std::basic_string<char,std::char_traits<char>,std::allocator<char>>'
C:\Development\Oxcart\Oxcart\src\data\Model.h(21,41): warning C4251: 'Model::myLoadedTextures': class 'std::vector<Texture2D,std::allocator<Texture2D>>' needs to have dll-interface to be used by clients of class 'Model'
C:\Development\Oxcart\Oxcart\src\data\Mesh.h(14): message : see declaration of 'std::vector<Texture2D,std::allocator<Texture2D>>'
  Texture2D.cpp
C:\Development\Oxcart\Oxcart\src\data\Texture2D.h(12,18): warning C4251: 'Texture2D::type': class 'std::basic_string<char,std::char_traits<char>,std::allocator<char>>' needs to have dll-interface to be used by clients of struct 'Texture2D'
C:\Program Files (x86)\Microsoft Visual Studio\2019\Community\VC\Tools\MSVC\14.27.29110\include\xstring(4564): message : see declaration of 'std::basic_string<char,std::char_traits<char>,std::allocator<char>>'
C:\Development\Oxcart\Oxcart\src\data\Texture2D.h(13,18): warning C4251: 'Texture2D::path': class 'std::basic_string<char,std::char_traits<char>,std::allocator<char>>' needs to have dll-interface to be used by clients of struct 'Texture2D'
C:\Program Files (x86)\Microsoft Visual Studio\2019\Community\VC\Tools\MSVC\14.27.29110\include\xstring(4564): message : see declaration of 'std::basic_string<char,std::char_traits<char>,std::allocator<char>>'
  Vertex.cpp
  Bird.cpp
C:\Development\Oxcart\Oxcart\src\core\Window.h(40,21): warning C4251: 'Window::myTitle': class 'std::basic_string<char,std::char_traits<char>,std::allocator<char>>' needs to have dll-interface to be used by clients of class 'Window'
C:\Program Files (x86)\Microsoft Visual Studio\2019\Community\VC\Tools\MSVC\14.27.29110\include\xstring(4564): message : see declaration of 'std::basic_string<char,std::char_traits<char>,std::allocator<char>>'
C:\Development\Oxcart\Oxcart\src\core\Window.h(23,47): warning C4244: 'return': conversion from 'const int' to 'float', possible loss of data
C:\Development\Oxcart\Oxcart\src\core\Window.h(24,48): warning C4244: 'return': conversion from 'const int' to 'float', possible loss of data
C:\Development\Oxcart\Oxcart\src\input\Keyboard.h(21,50): warning C4251: 'Keyboard::myKeyStates': class 'std::unordered_map<int,bool,std::hash<int>,std::equal_to<int>,std::allocator<std::pair<const int,bool>>>' needs to have dll-interface to be used by clients of class 'Keyboard'
C:\Development\Oxcart\Oxcart\src\input\Keyboard.h(21): message : see declaration of 'std::unordered_map<int,bool,std::hash<int>,std::equal_to<int>,std::allocator<std::pair<const int,bool>>>'
  GameObject.cpp
  Pipe.cpp
C:\Development\Oxcart\Oxcart\src\data\Texture2D.h(12,18): warning C4251: 'Texture2D::type': class 'std::basic_string<char,std::char_traits<char>,std::allocator<char>>' needs to have dll-interface to be used by clients of struct 'Texture2D'
C:\Program Files (x86)\Microsoft Visual Studio\2019\Community\VC\Tools\MSVC\14.27.29110\include\xstring(4564): message : see declaration of 'std::basic_string<char,std::char_traits<char>,std::allocator<char>>'
C:\Development\Oxcart\Oxcart\src\data\Texture2D.h(13,18): warning C4251: 'Texture2D::path': class 'std::basic_string<char,std::char_traits<char>,std::allocator<char>>' needs to have dll-interface to be used by clients of struct 'Texture2D'
C:\Program Files (x86)\Microsoft Visual Studio\2019\Community\VC\Tools\MSVC\14.27.29110\include\xstring(4564): message : see declaration of 'std::basic_string<char,std::char_traits<char>,std::allocator<char>>'
C:\Development\Oxcart\Oxcart\src\graphics\Shader.h(32,24): warning C4251: 'Shader::myFilePath': class 'std::basic_string<char,std::char_traits<char>,std::allocator<char>>' needs to have dll-interface to be used by clients of class 'Shader'
C:\Program Files (x86)\Microsoft Visual Studio\2019\Community\VC\Tools\MSVC\14.27.29110\include\xstring(4564): message : see declaration of 'std::basic_string<char,std::char_traits<char>,std::allocator<char>>'
C:\Development\Oxcart\Oxcart\src\graphics\Shader.h(33,28): warning C4251: 'Shader::myVertexShader': class 'std::basic_string<char,std::char_traits<char>,std::allocator<char>>' needs to have dll-interface to be used by clients of class 'Shader'
C:\Program Files (x86)\Microsoft Visual Studio\2019\Community\VC\Tools\MSVC\14.27.29110\include\xstring(4564): message : see declaration of 'std::basic_string<char,std::char_traits<char>,std::allocator<char>>'
C:\Development\Oxcart\Oxcart\src\graphics\Shader.h(34,30): warning C4251: 'Shader::myFragmentShader': class 'std::basic_string<char,std::char_traits<char>,std::allocator<char>>' needs to have dll-interface to be used by clients of class 'Shader'
C:\Program Files (x86)\Microsoft Visual Studio\2019\Community\VC\Tools\MSVC\14.27.29110\include\xstring(4564): message : see declaration of 'std::basic_string<char,std::char_traits<char>,std::allocator<char>>'
C:\Development\Oxcart\Oxcart\src\data\Mesh.h(20,32): warning C4251: 'Mesh::myVertices': class 'std::vector<Vertex,std::allocator<Vertex>>' needs to have dll-interface to be used by clients of class 'Mesh'
C:\Development\Oxcart\Oxcart\src\data\Mesh.h(14): message : see declaration of 'std::vector<Vertex,std::allocator<Vertex>>'
C:\Development\Oxcart\Oxcart\src\data\Mesh.h(21,37): warning C4251: 'Mesh::myIndices': class 'std::vector<unsigned int,std::allocator<unsigned int>>' needs to have dll-interface to be used by clients of class 'Mesh'
C:\Development\Oxcart\Oxcart\src\data\Mesh.h(14): message : see declaration of 'std::vector<unsigned int,std::allocator<unsigned int>>'
C:\Development\Oxcart\Oxcart\src\data\Mesh.h(22,35): warning C4251: 'Mesh::myTextures': class 'std::vector<Texture2D,std::allocator<Texture2D>>' needs to have dll-interface to be used by clients of class 'Mesh'
C:\Development\Oxcart\Oxcart\src\data\Mesh.h(14): message : see declaration of 'std::vector<Texture2D,std::allocator<Texture2D>>'
C:\Development\Oxcart\Oxcart\src\data\Model.h(19,28): warning C4251: 'Model::myMeshes': class 'std::vector<Mesh,std::allocator<Mesh>>' needs to have dll-interface to be used by clients of class 'Model'
C:\Development\Oxcart\Oxcart\src\data\Model.h(19): message : see declaration of 'std::vector<Mesh,std::allocator<Mesh>>'
C:\Development\Oxcart\Oxcart\src\data\Model.h(20,25): warning C4251: 'Model::myDirectory': class 'std::basic_string<char,std::char_traits<char>,std::allocator<char>>' needs to have dll-interface to be used by clients of class 'Model'
C:\Program Files (x86)\Microsoft Visual Studio\2019\Community\VC\Tools\MSVC\14.27.29110\include\xstring(4564): message : see declaration of 'std::basic_string<char,std::char_traits<char>,std::allocator<char>>'
C:\Development\Oxcart\Oxcart\src\data\Model.h(21,41): warning C4251: 'Model::myLoadedTextures': class 'std::vector<Texture2D,std::allocator<Texture2D>>' needs to have dll-interface to be used by clients of class 'Model'
C:\Development\Oxcart\Oxcart\src\data\Mesh.h(14): message : see declaration of 'std::vector<Texture2D,std::allocator<Texture2D>>'
  PipeManager.cpp
C:\Development\Oxcart\Oxcart\src\graphics\Shader.h(32,24): warning C4251: 'Shader::myFilePath': class 'std::basic_string<char,std::char_traits<char>,std::allocator<char>>' needs to have dll-interface to be used by clients of class 'Shader'
C:\Program Files (x86)\Microsoft Visual Studio\2019\Community\VC\Tools\MSVC\14.27.29110\include\xstring(4564): message : see declaration of 'std::basic_string<char,std::char_traits<char>,std::allocator<char>>'
C:\Development\Oxcart\Oxcart\src\graphics\Shader.h(33,28): warning C4251: 'Shader::myVertexShader': class 'std::basic_string<char,std::char_traits<char>,std::allocator<char>>' needs to have dll-interface to be used by clients of class 'Shader'
C:\Program Files (x86)\Microsoft Visual Studio\2019\Community\VC\Tools\MSVC\14.27.29110\include\xstring(4564): message : see declaration of 'std::basic_string<char,std::char_traits<char>,std::allocator<char>>'
C:\Development\Oxcart\Oxcart\src\graphics\Shader.h(34,30): warning C4251: 'Shader::myFragmentShader': class 'std::basic_string<char,std::char_traits<char>,std::allocator<char>>' needs to have dll-interface to be used by clients of class 'Shader'
C:\Program Files (x86)\Microsoft Visual Studio\2019\Community\VC\Tools\MSVC\14.27.29110\include\xstring(4564): message : see declaration of 'std::basic_string<char,std::char_traits<char>,std::allocator<char>>'
C:\Development\Oxcart\Oxcart\src\data\Texture2D.h(12,18): warning C4251: 'Texture2D::type': class 'std::basic_string<char,std::char_traits<char>,std::allocator<char>>' needs to have dll-interface to be used by clients of struct 'Texture2D'
C:\Program Files (x86)\Microsoft Visual Studio\2019\Community\VC\Tools\MSVC\14.27.29110\include\xstring(4564): message : see declaration of 'std::basic_string<char,std::char_traits<char>,std::allocator<char>>'
C:\Development\Oxcart\Oxcart\src\data\Texture2D.h(13,18): warning C4251: 'Texture2D::path': class 'std::basic_string<char,std::char_traits<char>,std::allocator<char>>' needs to have dll-interface to be used by clients of struct 'Texture2D'
C:\Program Files (x86)\Microsoft Visual Studio\2019\Community\VC\Tools\MSVC\14.27.29110\include\xstring(4564): message : see declaration of 'std::basic_string<char,std::char_traits<char>,std::allocator<char>>'
C:\Development\Oxcart\Oxcart\src\data\Mesh.h(20,32): warning C4251: 'Mesh::myVertices': class 'std::vector<Vertex,std::allocator<Vertex>>' needs to have dll-interface to be used by clients of class 'Mesh'
C:\Development\Oxcart\Oxcart\src\data\Mesh.h(14): message : see declaration of 'std::vector<Vertex,std::allocator<Vertex>>'
C:\Development\Oxcart\Oxcart\src\data\Mesh.h(21,37): warning C4251: 'Mesh::myIndices': class 'std::vector<unsigned int,std::allocator<unsigned int>>' needs to have dll-interface to be used by clients of class 'Mesh'
C:\Development\Oxcart\Oxcart\src\data\Mesh.h(14): message : see declaration of 'std::vector<unsigned int,std::allocator<unsigned int>>'
C:\Development\Oxcart\Oxcart\src\data\Mesh.h(22,35): warning C4251: 'Mesh::myTextures': class 'std::vector<Texture2D,std::allocator<Texture2D>>' needs to have dll-interface to be used by clients of class 'Mesh'
C:\Development\Oxcart\Oxcart\src\data\Mesh.h(14): message : see declaration of 'std::vector<Texture2D,std::allocator<Texture2D>>'
C:\Development\Oxcart\Oxcart\src\data\Model.h(19,28): warning C4251: 'Model::myMeshes': class 'std::vector<Mesh,std::allocator<Mesh>>' needs to have dll-interface to be used by clients of class 'Model'
C:\Development\Oxcart\Oxcart\src\data\Model.h(19): message : see declaration of 'std::vector<Mesh,std::allocator<Mesh>>'
C:\Development\Oxcart\Oxcart\src\data\Model.h(20,25): warning C4251: 'Model::myDirectory': class 'std::basic_string<char,std::char_traits<char>,std::allocator<char>>' needs to have dll-interface to be used by clients of class 'Model'
C:\Program Files (x86)\Microsoft Visual Studio\2019\Community\VC\Tools\MSVC\14.27.29110\include\xstring(4564): message : see declaration of 'std::basic_string<char,std::char_traits<char>,std::allocator<char>>'
C:\Development\Oxcart\Oxcart\src\data\Model.h(21,41): warning C4251: 'Model::myLoadedTextures': class 'std::vector<Texture2D,std::allocator<Texture2D>>' needs to have dll-interface to be used by clients of class 'Model'
C:\Development\Oxcart\Oxcart\src\data\Mesh.h(14): message : see declaration of 'std::vector<Texture2D,std::allocator<Texture2D>>'
C:\Development\Oxcart\Oxcart\src\gameobjects\PipeManager.h(19,34): warning C4251: 'PipeManager::myPipes': class 'std::vector<Pipe,std::allocator<Pipe>>' needs to have dll-interface to be used by clients of class 'PipeManager'
C:\Development\Oxcart\Oxcart\src\gameobjects\PipeManager.h(19): message : see declaration of 'std::vector<Pipe,std::allocator<Pipe>>'
C:\Development\Oxcart\Oxcart\src\gameobjects\PipeManager.cpp(34,20): warning C4018: '<': signed/unsigned mismatch
  Shader.cpp
C:\Development\Oxcart\Oxcart\src\graphics\Shader.h(32,24): warning C4251: 'Shader::myFilePath': class 'std::basic_string<char,std::char_traits<char>,std::allocator<char>>' needs to have dll-interface to be used by clients of class 'Shader'
C:\Program Files (x86)\Microsoft Visual Studio\2019\Community\VC\Tools\MSVC\14.27.29110\include\xstring(4564): message : see declaration of 'std::basic_string<char,std::char_traits<char>,std::allocator<char>>'
C:\Development\Oxcart\Oxcart\src\graphics\Shader.h(33,28): warning C4251: 'Shader::myVertexShader': class 'std::basic_string<char,std::char_traits<char>,std::allocator<char>>' needs to have dll-interface to be used by clients of class 'Shader'
C:\Program Files (x86)\Microsoft Visual Studio\2019\Community\VC\Tools\MSVC\14.27.29110\include\xstring(4564): message : see declaration of 'std::basic_string<char,std::char_traits<char>,std::allocator<char>>'
C:\Development\Oxcart\Oxcart\src\graphics\Shader.h(34,30): warning C4251: 'Shader::myFragmentShader': class 'std::basic_string<char,std::char_traits<char>,std::allocator<char>>' needs to have dll-interface to be used by clients of class 'Shader'
C:\Program Files (x86)\Microsoft Visual Studio\2019\Community\VC\Tools\MSVC\14.27.29110\include\xstring(4564): message : see declaration of 'std::basic_string<char,std::char_traits<char>,std::allocator<char>>'
  Texture.cpp
  Keyboard.cpp
C:\Development\Oxcart\Oxcart\src\core\Window.h(40,21): warning C4251: 'Window::myTitle': class 'std::basic_string<char,std::char_traits<char>,std::allocator<char>>' needs to have dll-interface to be used by clients of class 'Window'
C:\Program Files (x86)\Microsoft Visual Studio\2019\Community\VC\Tools\MSVC\14.27.29110\include\xstring(4564): message : see declaration of 'std::basic_string<char,std::char_traits<char>,std::allocator<char>>'
C:\Development\Oxcart\Oxcart\src\core\Window.h(23,47): warning C4244: 'return': conversion from 'const int' to 'float', possible loss of data
C:\Development\Oxcart\Oxcart\src\core\Window.h(24,48): warning C4244: 'return': conversion from 'const int' to 'float', possible loss of data
C:\Development\Oxcart\Oxcart\src\input\Keyboard.h(21,50): warning C4251: 'Keyboard::myKeyStates': class 'std::unordered_map<int,bool,std::hash<int>,std::equal_to<int>,std::allocator<std::pair<const int,bool>>>' needs to have dll-interface to be used by clients of class 'Keyboard'
C:\Development\Oxcart\Oxcart\src\input\Keyboard.h(21): message : see declaration of 'std::unordered_map<int,bool,std::hash<int>,std::equal_to<int>,std::allocator<std::pair<const int,bool>>>'
  Mouse.cpp
  Math.cpp
  Matrix4x4.cpp
  Rectangle2D.cpp
  Generating Code...
  Compiling...
  Triangle.cpp
  Vector2D.cpp
  Vector3D.cpp
  Vector4D.cpp
  Color.cpp
  UIButton.cpp
C:\Development\Oxcart\Oxcart\src\core\Window.h(40,21): warning C4251: 'Window::myTitle': class 'std::basic_string<char,std::char_traits<char>,std::allocator<char>>' needs to have dll-interface to be used by clients of class 'Window'
C:\Program Files (x86)\Microsoft Visual Studio\2019\Community\VC\Tools\MSVC\14.27.29110\include\xstring(4564): message : see declaration of 'std::basic_string<char,std::char_traits<char>,std::allocator<char>>'
C:\Development\Oxcart\Oxcart\src\core\Window.h(23,47): warning C4244: 'return': conversion from 'const int' to 'float', possible loss of data
C:\Development\Oxcart\Oxcart\src\core\Window.h(24,48): warning C4244: 'return': conversion from 'const int' to 'float', possible loss of data
C:\Development\Oxcart\Oxcart\src\graphics\Shader.h(32,24): warning C4251: 'Shader::myFilePath': class 'std::basic_string<char,std::char_traits<char>,std::allocator<char>>' needs to have dll-interface to be used by clients of class 'Shader'
C:\Program Files (x86)\Microsoft Visual Studio\2019\Community\VC\Tools\MSVC\14.27.29110\include\xstring(4564): message : see declaration of 'std::basic_string<char,std::char_traits<char>,std::allocator<char>>'
C:\Development\Oxcart\Oxcart\src\graphics\Shader.h(33,28): warning C4251: 'Shader::myVertexShader': class 'std::basic_string<char,std::char_traits<char>,std::allocator<char>>' needs to have dll-interface to be used by clients of class 'Shader'
C:\Program Files (x86)\Microsoft Visual Studio\2019\Community\VC\Tools\MSVC\14.27.29110\include\xstring(4564): message : see declaration of 'std::basic_string<char,std::char_traits<char>,std::allocator<char>>'
C:\Development\Oxcart\Oxcart\src\graphics\Shader.h(34,30): warning C4251: 'Shader::myFragmentShader': class 'std::basic_string<char,std::char_traits<char>,std::allocator<char>>' needs to have dll-interface to be used by clients of class 'Shader'
C:\Program Files (x86)\Microsoft Visual Studio\2019\Community\VC\Tools\MSVC\14.27.29110\include\xstring(4564): message : see declaration of 'std::basic_string<char,std::char_traits<char>,std::allocator<char>>'
C:\Development\Oxcart\Oxcart\src\ui\UIText.h(13,1): warning C4275: non dll-interface class 'UIElement' used as base for dll-interface class 'UIText'
C:\Development\Oxcart\Oxcart\src\ui\UIElement.h(7): message : see declaration of 'UIElement'
C:\Development\Oxcart\Oxcart\src\ui\UIText.h(12): message : see declaration of 'UIText'
C:\Development\Oxcart\Oxcart\src\ui\UIText.h(27,20): warning C4251: 'UIText::myText': class 'std::basic_string<char,std::char_traits<char>,std::allocator<char>>' needs to have dll-interface to be used by clients of class 'UIText'
C:\Program Files (x86)\Microsoft Visual Studio\2019\Community\VC\Tools\MSVC\14.27.29110\include\xstring(4564): message : see declaration of 'std::basic_string<char,std::char_traits<char>,std::allocator<char>>'
C:\Development\Oxcart\Oxcart\src\ui\UIText.h(30,40): warning C4251: 'UIText::myCharacters': class 'std::map<char,Character,std::less<char>,std::allocator<std::pair<const char,Character>>>' needs to have dll-interface to be used by clients of class 'UIText'
C:\Development\Oxcart\Oxcart\src\ui\UIText.h(30): message : see declaration of 'std::map<char,Character,std::less<char>,std::allocator<std::pair<const char,Character>>>'
C:\Development\Oxcart\Oxcart\src\ui\UIImage.h(12,1): warning C4275: non dll-interface class 'UIElement' used as base for dll-interface class 'UIImage'
C:\Development\Oxcart\Oxcart\src\ui\UIElement.h(7): message : see declaration of 'UIElement'
C:\Development\Oxcart\Oxcart\src\ui\UIImage.h(11): message : see declaration of 'UIImage'
C:\Development\Oxcart\Oxcart\src\ui\UIImage.h(21,60): warning C4244: 'return': conversion from 'float' to 'int', possible loss of data
C:\Development\Oxcart\Oxcart\src\ui\UIImage.h(22,62): warning C4244: 'return': conversion from 'float' to 'int', possible loss of data
C:\Development\Oxcart\Oxcart\src\ui\UIButton.h(10,1): warning C4275: non dll-interface class 'UIElement' used as base for dll-interface class 'UIButton'
C:\Development\Oxcart\Oxcart\src\ui\UIElement.h(7): message : see declaration of 'UIElement'
C:\Development\Oxcart\Oxcart\src\ui\UIButton.h(9): message : see declaration of 'UIButton'
C:\Development\Oxcart\Oxcart\src\ui\UIButton.cpp(35,98): warning C4244: 'argument': conversion from 'int' to 'const float', possible loss of data
C:\Development\Oxcart\Oxcart\src\ui\UIButton.cpp(35,69): warning C4244: 'argument': conversion from 'int' to 'const float', possible loss of data
C:\Development\Oxcart\Oxcart\src\ui\UIButton.cpp(36,110): warning C4244: 'argument': conversion from 'int' to 'const float', possible loss of data
C:\Development\Oxcart\Oxcart\src\ui\UIButton.cpp(36,81): warning C4244: 'argument': conversion from 'int' to 'const float', possible loss of data
C:\Development\Oxcart\Oxcart\src\ui\UIButton.cpp(38,117): warning C4244: 'argument': conversion from 'int' to 'const float', possible loss of data
C:\Development\Oxcart\Oxcart\src\ui\UIButton.cpp(38,88): warning C4244: 'argument': conversion from 'int' to 'const float', possible loss of data
C:\Development\Oxcart\Oxcart\src\ui\UIButton.cpp(42,103): warning C4244: 'argument': conversion from 'int' to 'const float', possible loss of data
C:\Development\Oxcart\Oxcart\src\ui\UIButton.cpp(42,75): warning C4244: 'argument': conversion from 'int' to 'const float', possible loss of data
  UIElement.cpp
C:\Development\Oxcart\Oxcart\src\core\Window.h(40,21): warning C4251: 'Window::myTitle': class 'std::basic_string<char,std::char_traits<char>,std::allocator<char>>' needs to have dll-interface to be used by clients of class 'Window'
C:\Program Files (x86)\Microsoft Visual Studio\2019\Community\VC\Tools\MSVC\14.27.29110\include\xstring(4564): message : see declaration of 'std::basic_string<char,std::char_traits<char>,std::allocator<char>>'
C:\Development\Oxcart\Oxcart\src\core\Window.h(23,47): warning C4244: 'return': conversion from 'const int' to 'float', possible loss of data
C:\Development\Oxcart\Oxcart\src\core\Window.h(24,48): warning C4244: 'return': conversion from 'const int' to 'float', possible loss of data
  UIImage.cpp
C:\Development\Oxcart\Oxcart\src\core\Window.h(40,21): warning C4251: 'Window::myTitle': class 'std::basic_string<char,std::char_traits<char>,std::allocator<char>>' needs to have dll-interface to be used by clients of class 'Window'
C:\Program Files (x86)\Microsoft Visual Studio\2019\Community\VC\Tools\MSVC\14.27.29110\include\xstring(4564): message : see declaration of 'std::basic_string<char,std::char_traits<char>,std::allocator<char>>'
C:\Development\Oxcart\Oxcart\src\core\Window.h(23,47): warning C4244: 'return': conversion from 'const int' to 'float', possible loss of data
C:\Development\Oxcart\Oxcart\src\core\Window.h(24,48): warning C4244: 'return': conversion from 'const int' to 'float', possible loss of data
C:\Development\Oxcart\Oxcart\src\graphics\Shader.h(32,24): warning C4251: 'Shader::myFilePath': class 'std::basic_string<char,std::char_traits<char>,std::allocator<char>>' needs to have dll-interface to be used by clients of class 'Shader'
C:\Program Files (x86)\Microsoft Visual Studio\2019\Community\VC\Tools\MSVC\14.27.29110\include\xstring(4564): message : see declaration of 'std::basic_string<char,std::char_traits<char>,std::allocator<char>>'
C:\Development\Oxcart\Oxcart\src\graphics\Shader.h(33,28): warning C4251: 'Shader::myVertexShader': class 'std::basic_string<char,std::char_traits<char>,std::allocator<char>>' needs to have dll-interface to be used by clients of class 'Shader'
C:\Program Files (x86)\Microsoft Visual Studio\2019\Community\VC\Tools\MSVC\14.27.29110\include\xstring(4564): message : see declaration of 'std::basic_string<char,std::char_traits<char>,std::allocator<char>>'
C:\Development\Oxcart\Oxcart\src\graphics\Shader.h(34,30): warning C4251: 'Shader::myFragmentShader': class 'std::basic_string<char,std::char_traits<char>,std::allocator<char>>' needs to have dll-interface to be used by clients of class 'Shader'
C:\Program Files (x86)\Microsoft Visual Studio\2019\Community\VC\Tools\MSVC\14.27.29110\include\xstring(4564): message : see declaration of 'std::basic_string<char,std::char_traits<char>,std::allocator<char>>'
C:\Development\Oxcart\Oxcart\src\ui\UIImage.h(12,1): warning C4275: non dll-interface class 'UIElement' used as base for dll-interface class 'UIImage'
C:\Development\Oxcart\Oxcart\src\ui\UIElement.h(7): message : see declaration of 'UIElement'
C:\Development\Oxcart\Oxcart\src\ui\UIImage.h(11): message : see declaration of 'UIImage'
C:\Development\Oxcart\Oxcart\src\ui\UIImage.h(21,60): warning C4244: 'return': conversion from 'float' to 'int', possible loss of data
C:\Development\Oxcart\Oxcart\src\ui\UIImage.h(22,62): warning C4244: 'return': conversion from 'float' to 'int', possible loss of data
  UIText.cpp
C:\Development\Oxcart\Oxcart\src\core\Window.h(40,21): warning C4251: 'Window::myTitle': class 'std::basic_string<char,std::char_traits<char>,std::allocator<char>>' needs to have dll-interface to be used by clients of class 'Window'
C:\Program Files (x86)\Microsoft Visual Studio\2019\Community\VC\Tools\MSVC\14.27.29110\include\xstring(4564): message : see declaration of 'std::basic_string<char,std::char_traits<char>,std::allocator<char>>'
C:\Development\Oxcart\Oxcart\src\core\Window.h(23,47): warning C4244: 'return': conversion from 'const int' to 'float', possible loss of data
C:\Development\Oxcart\Oxcart\src\core\Window.h(24,48): warning C4244: 'return': conversion from 'const int' to 'float', possible loss of data
C:\Development\Oxcart\Oxcart\src\graphics\Shader.h(32,24): warning C4251: 'Shader::myFilePath': class 'std::basic_string<char,std::char_traits<char>,std::allocator<char>>' needs to have dll-interface to be used by clients of class 'Shader'
C:\Program Files (x86)\Microsoft Visual Studio\2019\Community\VC\Tools\MSVC\14.27.29110\include\xstring(4564): message : see declaration of 'std::basic_string<char,std::char_traits<char>,std::allocator<char>>'
C:\Development\Oxcart\Oxcart\src\graphics\Shader.h(33,28): warning C4251: 'Shader::myVertexShader': class 'std::basic_string<char,std::char_traits<char>,std::allocator<char>>' needs to have dll-interface to be used by clients of class 'Shader'
C:\Program Files (x86)\Microsoft Visual Studio\2019\Community\VC\Tools\MSVC\14.27.29110\include\xstring(4564): message : see declaration of 'std::basic_string<char,std::char_traits<char>,std::allocator<char>>'
C:\Development\Oxcart\Oxcart\src\graphics\Shader.h(34,30): warning C4251: 'Shader::myFragmentShader': class 'std::basic_string<char,std::char_traits<char>,std::allocator<char>>' needs to have dll-interface to be used by clients of class 'Shader'
C:\Program Files (x86)\Microsoft Visual Studio\2019\Community\VC\Tools\MSVC\14.27.29110\include\xstring(4564): message : see declaration of 'std::basic_string<char,std::char_traits<char>,std::allocator<char>>'
C:\Development\Oxcart\Oxcart\src\ui\UIText.h(13,1): warning C4275: non dll-interface class 'UIElement' used as base for dll-interface class 'UIText'
C:\Development\Oxcart\Oxcart\src\ui\UIElement.h(7): message : see declaration of 'UIElement'
C:\Development\Oxcart\Oxcart\src\ui\UIText.h(12): message : see declaration of 'UIText'
C:\Development\Oxcart\Oxcart\src\ui\UIText.h(27,20): warning C4251: 'UIText::myText': class 'std::basic_string<char,std::char_traits<char>,std::allocator<char>>' needs to have dll-interface to be used by clients of class 'UIText'
C:\Program Files (x86)\Microsoft Visual Studio\2019\Community\VC\Tools\MSVC\14.27.29110\include\xstring(4564): message : see declaration of 'std::basic_string<char,std::char_traits<char>,std::allocator<char>>'
C:\Development\Oxcart\Oxcart\src\ui\UIText.h(30,40): warning C4251: 'UIText::myCharacters': class 'std::map<char,Character,std::less<char>,std::allocator<std::pair<const char,Character>>>' needs to have dll-interface to be used by clients of class 'UIText'
C:\Development\Oxcart\Oxcart\src\ui\UIText.h(30): message : see declaration of 'std::map<char,Character,std::less<char>,std::allocator<std::pair<const char,Character>>>'
C:\Development\Oxcart\Oxcart\src\ui\UIText.cpp(59,68): warning C4838: conversion from 'unsigned int' to 'int' requires a narrowing conversion
C:\Development\Oxcart\Oxcart\src\ui\UIText.cpp(59,99): warning C4838: conversion from 'unsigned int' to 'int' requires a narrowing conversion
C:\Development\Oxcart\Oxcart\src\ui\UIText.cpp(59,189): warning C4838: conversion from 'FT_Pos' to 'unsigned int' requires a narrowing conversion
C:\Development\Oxcart\Oxcart\src\ui\UIText.cpp(108,23): warning C4244: 'initializing': conversion from 'int' to 'float', possible loss of data
C:\Development\Oxcart\Oxcart\src\ui\UIText.cpp(113,64): warning C4244: '+=': conversion from 'float' to 'int', possible loss of data
C:\Development\Oxcart\Oxcart\src\ui\UIText.cpp(114,29): warning C4244: '=': conversion from 'float' to 'int', possible loss of data
C:\Development\Oxcart\Oxcart\src\ui\UIText.cpp(139,58): warning C4244: '+=': conversion from 'float' to 'int', possible loss of data
  glm.cpp
  stb_image.cpp
  Generating Code...
  LINK : C:\Development\Oxcart\binaries\Oxcart\Debug-x86\Oxcart.dll not found or not built by the last incremental link; performing full link
     Creating library C:\Development\Oxcart\binaries\Oxcart\Debug-x86\Oxcart.lib and object C:\Development\Oxcart\binaries\Oxcart\Debug-x86\Oxcart.exp
LINK : warning LNK4098: defaultlib 'LIBCMT' conflicts with use of other libs; use /NODEFAULTLIB:library
LINK : warning LNK4098: defaultlib 'MSVCRT' conflicts with use of other libs; use /NODEFAULTLIB:library
glew32s.lib(glew.obj) : warning LNK4099: PDB 'vc120.pdb' was not found with 'glew32s.lib(glew.obj)' or at 'C:\Development\Oxcart\binaries\Oxcart\Debug-x86\vc120.pdb'; linking object as if no debug info
freetype.lib(autofit.obj) : warning LNK4099: PDB 'freetype.pdb' was not found with 'freetype.lib(autofit.obj)' or at 'C:\Development\Oxcart\binaries\Oxcart\Debug-x86\freetype.pdb'; linking object as if no debug info
freetype.lib(ftbase.obj) : warning LNK4099: PDB 'freetype.pdb' was not found with 'freetype.lib(ftbase.obj)' or at 'C:\Development\Oxcart\binaries\Oxcart\Debug-x86\freetype.pdb'; linking object as if no debug info
freetype.lib(ftbitmap.obj) : warning LNK4099: PDB 'freetype.pdb' was not found with 'freetype.lib(ftbitmap.obj)' or at 'C:\Development\Oxcart\binaries\Oxcart\Debug-x86\freetype.pdb'; linking object as if no debug info
freetype.lib(ftinit.obj) : warning LNK4099: PDB 'freetype.pdb' was not found with 'freetype.lib(ftinit.obj)' or at 'C:\Development\Oxcart\binaries\Oxcart\Debug-x86\freetype.pdb'; linking object as if no debug info
freetype.lib(ftsystem.obj) : warning LNK4099: PDB 'freetype.pdb' was not found with 'freetype.lib(ftsystem.obj)' or at 'C:\Development\Oxcart\binaries\Oxcart\Debug-x86\freetype.pdb'; linking object as if no debug info
freetype.lib(bdf.obj) : warning LNK4099: PDB 'freetype.pdb' was not found with 'freetype.lib(bdf.obj)' or at 'C:\Development\Oxcart\binaries\Oxcart\Debug-x86\freetype.pdb'; linking object as if no debug info
freetype.lib(cff.obj) : warning LNK4099: PDB 'freetype.pdb' was not found with 'freetype.lib(cff.obj)' or at 'C:\Development\Oxcart\binaries\Oxcart\Debug-x86\freetype.pdb'; linking object as if no debug info
freetype.lib(type1cid.obj) : warning LNK4099: PDB 'freetype.pdb' was not found with 'freetype.lib(type1cid.obj)' or at 'C:\Development\Oxcart\binaries\Oxcart\Debug-x86\freetype.pdb'; linking object as if no debug info
freetype.lib(ftgzip.obj) : warning LNK4099: PDB 'freetype.pdb' was not found with 'freetype.lib(ftgzip.obj)' or at 'C:\Development\Oxcart\binaries\Oxcart\Debug-x86\freetype.pdb'; linking object as if no debug info
freetype.lib(ftlzw.obj) : warning LNK4099: PDB 'freetype.pdb' was not found with 'freetype.lib(ftlzw.obj)' or at 'C:\Development\Oxcart\binaries\Oxcart\Debug-x86\freetype.pdb'; linking object as if no debug info
freetype.lib(pcf.obj) : warning LNK4099: PDB 'freetype.pdb' was not found with 'freetype.lib(pcf.obj)' or at 'C:\Development\Oxcart\binaries\Oxcart\Debug-x86\freetype.pdb'; linking object as if no debug info
freetype.lib(pfr.obj) : warning LNK4099: PDB 'freetype.pdb' was not found with 'freetype.lib(pfr.obj)' or at 'C:\Development\Oxcart\binaries\Oxcart\Debug-x86\freetype.pdb'; linking object as if no debug info
freetype.lib(psaux.obj) : warning LNK4099: PDB 'freetype.pdb' was not found with 'freetype.lib(psaux.obj)' or at 'C:\Development\Oxcart\binaries\Oxcart\Debug-x86\freetype.pdb'; linking object as if no debug info
freetype.lib(pshinter.obj) : warning LNK4099: PDB 'freetype.pdb' was not found with 'freetype.lib(pshinter.obj)' or at 'C:\Development\Oxcart\binaries\Oxcart\Debug-x86\freetype.pdb'; linking object as if no debug info
freetype.lib(psmodule.obj) : warning LNK4099: PDB 'freetype.pdb' was not found with 'freetype.lib(psmodule.obj)' or at 'C:\Development\Oxcart\binaries\Oxcart\Debug-x86\freetype.pdb'; linking object as if no debug info
freetype.lib(raster.obj) : warning LNK4099: PDB 'freetype.pdb' was not found with 'freetype.lib(raster.obj)' or at 'C:\Development\Oxcart\binaries\Oxcart\Debug-x86\freetype.pdb'; linking object as if no debug info
freetype.lib(sfnt.obj) : warning LNK4099: PDB 'freetype.pdb' was not found with 'freetype.lib(sfnt.obj)' or at 'C:\Development\Oxcart\binaries\Oxcart\Debug-x86\freetype.pdb'; linking object as if no debug info
freetype.lib(smooth.obj) : warning LNK4099: PDB 'freetype.pdb' was not found with 'freetype.lib(smooth.obj)' or at 'C:\Development\Oxcart\binaries\Oxcart\Debug-x86\freetype.pdb'; linking object as if no debug info
freetype.lib(truetype.obj) : warning LNK4099: PDB 'freetype.pdb' was not found with 'freetype.lib(truetype.obj)' or at 'C:\Development\Oxcart\binaries\Oxcart\Debug-x86\freetype.pdb'; linking object as if no debug info
freetype.lib(type1.obj) : warning LNK4099: PDB 'freetype.pdb' was not found with 'freetype.lib(type1.obj)' or at 'C:\Development\Oxcart\binaries\Oxcart\Debug-x86\freetype.pdb'; linking object as if no debug info
freetype.lib(type42.obj) : warning LNK4099: PDB 'freetype.pdb' was not found with 'freetype.lib(type42.obj)' or at 'C:\Development\Oxcart\binaries\Oxcart\Debug-x86\freetype.pdb'; linking object as if no debug info
freetype.lib(winfnt.obj) : warning LNK4099: PDB 'freetype.pdb' was not found with 'freetype.lib(winfnt.obj)' or at 'C:\Development\Oxcart\binaries\Oxcart\Debug-x86\freetype.pdb'; linking object as if no debug info
freetype.lib(ftdebug.obj) : warning LNK4099: PDB 'freetype.pdb' was not found with 'freetype.lib(ftdebug.obj)' or at 'C:\Development\Oxcart\binaries\Oxcart\Debug-x86\freetype.pdb'; linking object as if no debug info
  Oxcart.vcxproj -> C:\Development\Oxcart\binaries\Oxcart\Debug-x86\Oxcart.dll
