  Sandbox.cpp
C:\Code\OpenGL3D\OpenGL3D\src\Sandbox.cpp(23,1): error C2653: 'Keyboard': is not a class or namespace name
C:\Code\OpenGL3D\OpenGL3D\src\Sandbox.cpp(23,1): error C2653: 'KeyCode': is not a class or namespace name
C:\Code\OpenGL3D\OpenGL3D\src\Sandbox.cpp(23,36): error C2065: 'W': undeclared identifier
C:\Code\OpenGL3D\OpenGL3D\src\Sandbox.cpp(23,39): error C2065: 'window': undeclared identifier
C:\Code\OpenGL3D\OpenGL3D\src\Sandbox.cpp(23,17): error C3861: 'IsKeyDown': identifier not found
C:\Code\OpenGL3D\OpenGL3D\src\Sandbox.cpp(25,4): error C2065: 'myCameraPosition': undeclared identifier
C:\Code\OpenGL3D\OpenGL3D\src\Sandbox.cpp(25,31): error C2065: 'tempDeltaTime': undeclared identifier
C:\Code\OpenGL3D\OpenGL3D\src\Sandbox.cpp(25,47): error C2065: 'myCameraFront': undeclared identifier
C:\Code\OpenGL3D\OpenGL3D\src\Sandbox.cpp(28,1): error C2653: 'Keyboard': is not a class or namespace name
C:\Code\OpenGL3D\OpenGL3D\src\Sandbox.cpp(28,1): error C2653: 'KeyCode': is not a class or namespace name
C:\Code\OpenGL3D\OpenGL3D\src\Sandbox.cpp(28,36): error C2065: 'S': undeclared identifier
C:\Code\OpenGL3D\OpenGL3D\src\Sandbox.cpp(28,39): error C2065: 'window': undeclared identifier
C:\Code\OpenGL3D\OpenGL3D\src\Sandbox.cpp(28,17): error C3861: 'IsKeyDown': identifier not found
C:\Code\OpenGL3D\OpenGL3D\src\Sandbox.cpp(30,4): error C2065: 'myCameraPosition': undeclared identifier
C:\Code\OpenGL3D\OpenGL3D\src\Sandbox.cpp(30,31): error C2065: 'tempDeltaTime': undeclared identifier
C:\Code\OpenGL3D\OpenGL3D\src\Sandbox.cpp(30,47): error C2065: 'myCameraFront': undeclared identifier
C:\Code\OpenGL3D\OpenGL3D\src\Sandbox.cpp(34,1): error C2653: 'Keyboard': is not a class or namespace name
C:\Code\OpenGL3D\OpenGL3D\src\Sandbox.cpp(34,1): error C2653: 'KeyCode': is not a class or namespace name
C:\Code\OpenGL3D\OpenGL3D\src\Sandbox.cpp(34,36): error C2065: 'A': undeclared identifier
C:\Code\OpenGL3D\OpenGL3D\src\Sandbox.cpp(34,39): error C2065: 'window': undeclared identifier
C:\Code\OpenGL3D\OpenGL3D\src\Sandbox.cpp(34,17): error C3861: 'IsKeyDown': identifier not found
C:\Code\OpenGL3D\OpenGL3D\src\Sandbox.cpp(36,4): error C2065: 'myCameraPosition': undeclared identifier
C:\Code\OpenGL3D\OpenGL3D\src\Sandbox.cpp(36,1): error C2653: 'glm': is not a class or namespace name
C:\Code\OpenGL3D\OpenGL3D\src\Sandbox.cpp(36,50): error C2065: 'myCameraFront': undeclared identifier
C:\Code\OpenGL3D\OpenGL3D\src\Sandbox.cpp(36,65): error C2065: 'myCameraUp': undeclared identifier
C:\Code\OpenGL3D\OpenGL3D\src\Sandbox.cpp(36,44): error C3861: 'cross': identifier not found
C:\Code\OpenGL3D\OpenGL3D\src\Sandbox.cpp(36,29): error C3861: 'normalize': identifier not found
C:\Code\OpenGL3D\OpenGL3D\src\Sandbox.cpp(36,87): error C2065: 'tempDeltaTime': undeclared identifier
C:\Code\OpenGL3D\OpenGL3D\src\Sandbox.cpp(39,1): error C2653: 'Keyboard': is not a class or namespace name
C:\Code\OpenGL3D\OpenGL3D\src\Sandbox.cpp(39,1): error C2653: 'KeyCode': is not a class or namespace name
C:\Code\OpenGL3D\OpenGL3D\src\Sandbox.cpp(39,36): error C2065: 'D': undeclared identifier
C:\Code\OpenGL3D\OpenGL3D\src\Sandbox.cpp(39,39): error C2065: 'window': undeclared identifier
C:\Code\OpenGL3D\OpenGL3D\src\Sandbox.cpp(39,17): error C3861: 'IsKeyDown': identifier not found
C:\Code\OpenGL3D\OpenGL3D\src\Sandbox.cpp(41,4): error C2065: 'myCameraPosition': undeclared identifier
C:\Code\OpenGL3D\OpenGL3D\src\Sandbox.cpp(41,1): error C2653: 'glm': is not a class or namespace name
C:\Code\OpenGL3D\OpenGL3D\src\Sandbox.cpp(41,50): error C2065: 'myCameraFront': undeclared identifier
C:\Code\OpenGL3D\OpenGL3D\src\Sandbox.cpp(41,65): error C2065: 'myCameraUp': undeclared identifier
C:\Code\OpenGL3D\OpenGL3D\src\Sandbox.cpp(41,44): error C3861: 'cross': identifier not found
C:\Code\OpenGL3D\OpenGL3D\src\Sandbox.cpp(41,29): error C3861: 'normalize': identifier not found
C:\Code\OpenGL3D\OpenGL3D\src\Sandbox.cpp(41,87): error C2065: 'tempDeltaTime': undeclared identifier
C:\Code\OpenGL3D\OpenGL3D\src\Sandbox.cpp(45,1): error C2653: 'Keyboard': is not a class or namespace name
C:\Code\OpenGL3D\OpenGL3D\src\Sandbox.cpp(45,1): error C2653: 'KeyCode': is not a class or namespace name
C:\Code\OpenGL3D\OpenGL3D\src\Sandbox.cpp(45,36): error C2065: 'Space': undeclared identifier
C:\Code\OpenGL3D\OpenGL3D\src\Sandbox.cpp(45,43): error C2065: 'window': undeclared identifier
C:\Code\OpenGL3D\OpenGL3D\src\Sandbox.cpp(45,17): error C3861: 'IsKeyDown': identifier not found
C:\Code\OpenGL3D\OpenGL3D\src\Sandbox.cpp(47,4): error C2065: 'myCameraPosition': undeclared identifier
C:\Code\OpenGL3D\OpenGL3D\src\Sandbox.cpp(47,33): error C2065: 'tempDeltaTime': undeclared identifier
C:\Code\OpenGL3D\OpenGL3D\src\Sandbox.cpp(50,1): error C2653: 'Keyboard': is not a class or namespace name
C:\Code\OpenGL3D\OpenGL3D\src\Sandbox.cpp(50,1): error C2653: 'KeyCode': is not a class or namespace name
C:\Code\OpenGL3D\OpenGL3D\src\Sandbox.cpp(50,36): error C2065: 'LeftControl': undeclared identifier
C:\Code\OpenGL3D\OpenGL3D\src\Sandbox.cpp(50,49): error C2065: 'window': undeclared identifier
C:\Code\OpenGL3D\OpenGL3D\src\Sandbox.cpp(50,17): error C3861: 'IsKeyDown': identifier not found
C:\Code\OpenGL3D\OpenGL3D\src\Sandbox.cpp(52,4): error C2065: 'myCameraPosition': undeclared identifier
C:\Code\OpenGL3D\OpenGL3D\src\Sandbox.cpp(52,33): error C2065: 'tempDeltaTime': undeclared identifier
C:\Code\OpenGL3D\OpenGL3D\src\Sandbox.cpp(55,1): error C2653: 'glm': is not a class or namespace name
C:\Code\OpenGL3D\OpenGL3D\src\Sandbox.cpp(55,8): error C2065: 'vec2': undeclared identifier
C:\Code\OpenGL3D\OpenGL3D\src\Sandbox.cpp(55,13): error C2146: syntax error: missing ';' before identifier 'tempCurrentMousePosition'
C:\Code\OpenGL3D\OpenGL3D\src\Sandbox.cpp(55,13): error C2065: 'tempCurrentMousePosition': undeclared identifier
C:\Code\OpenGL3D\OpenGL3D\src\Sandbox.cpp(55,1): error C2653: 'Mouse': is not a class or namespace name
C:\Code\OpenGL3D\OpenGL3D\src\Sandbox.cpp(55,59): error C2065: 'window': undeclared identifier
C:\Code\OpenGL3D\OpenGL3D\src\Sandbox.cpp(55,47): error C3861: 'GetPosition': identifier not found
C:\Code\OpenGL3D\OpenGL3D\src\Sandbox.cpp(57,27): error C2065: 'tempCurrentMousePosition': undeclared identifier
C:\Code\OpenGL3D\OpenGL3D\src\Sandbox.cpp(57,56): error C2065: 'myLastMousePosition': undeclared identifier
C:\Code\OpenGL3D\OpenGL3D\src\Sandbox.cpp(58,27): error C2065: 'myLastMousePosition': undeclared identifier
C:\Code\OpenGL3D\OpenGL3D\src\Sandbox.cpp(58,51): error C2065: 'tempCurrentMousePosition': undeclared identifier
C:\Code\OpenGL3D\OpenGL3D\src\Sandbox.cpp(59,3): error C2065: 'myLastMousePosition': undeclared identifier
C:\Code\OpenGL3D\OpenGL3D\src\Sandbox.cpp(59,25): error C2065: 'tempCurrentMousePosition': undeclared identifier
C:\Code\OpenGL3D\OpenGL3D\src\Sandbox.cpp(61,3): error C2065: 'myYaw': undeclared identifier
C:\Code\OpenGL3D\OpenGL3D\src\Sandbox.cpp(62,3): error C2065: 'myPitch': undeclared identifier
C:\Code\OpenGL3D\OpenGL3D\src\Sandbox.cpp(64,7): error C2065: 'myPitch': undeclared identifier
C:\Code\OpenGL3D\OpenGL3D\src\Sandbox.cpp(66,4): error C2065: 'myPitch': undeclared identifier
C:\Code\OpenGL3D\OpenGL3D\src\Sandbox.cpp(68,7): error C2065: 'myPitch': undeclared identifier
C:\Code\OpenGL3D\OpenGL3D\src\Sandbox.cpp(70,4): error C2065: 'myPitch': undeclared identifier
  Camera.cpp
  Math.cpp
  Vector2D.cpp
C:\Code\OpenGL3D\OpenGL3D\src\math\Vector2D.h(14,35): error C2440: 'return': cannot convert from 'initializer list' to 'Vector2D'
C:\Code\OpenGL3D\OpenGL3D\src\math\Vector2D.h(14,35): message : No constructor could take the source type, or constructor overload resolution was ambiguous
  Generating Code...
