c:\code\oxcart\opengl3d\debug\vc142.pdb
c:\code\oxcart\opengl3d\debug\vc142.idb
c:\code\oxcart\opengl3d\debug\stb_image.obj
c:\code\oxcart\opengl3d\debug\glm.obj
c:\code\oxcart\opengl3d\debug\sandbox.obj
c:\code\oxcart\opengl3d\debug\vector4d.obj
c:\code\oxcart\opengl3d\debug\vector3d.obj
c:\code\oxcart\opengl3d\debug\vector2d.obj
c:\code\oxcart\opengl3d\debug\matrix4x4.obj
c:\code\oxcart\opengl3d\debug\math.obj
c:\code\oxcart\opengl3d\debug\main.obj
c:\code\oxcart\opengl3d\debug\mouse.obj
c:\code\oxcart\opengl3d\debug\keyboard.obj
c:\code\oxcart\opengl3d\debug\texture.obj
c:\code\oxcart\opengl3d\debug\shader.obj
c:\code\oxcart\opengl3d\debug\window.obj
c:\code\oxcart\opengl3d\debug\transform.obj
c:\code\oxcart\opengl3d\debug\component.obj
c:\code\oxcart\opengl3d\debug\camera.obj
c:\code\oxcart\opengl3d\debug\model.obj
c:\code\oxcart\opengl3d\debug\triangle.obj
c:\code\oxcart\debug\opengl3d.exe
c:\code\oxcart\debug\opengl3d.ilk
c:\code\oxcart\debug\opengl3d.pdb
c:\code\oxcart\opengl3d\debug\opengl3d.tlog\cl.command.1.tlog
c:\code\oxcart\opengl3d\debug\opengl3d.tlog\cl.read.1.tlog
c:\code\oxcart\opengl3d\debug\opengl3d.tlog\cl.write.1.tlog
c:\code\oxcart\opengl3d\debug\opengl3d.tlog\link.command.1.tlog
c:\code\oxcart\opengl3d\debug\opengl3d.tlog\link.read.1.tlog
c:\code\oxcart\opengl3d\debug\opengl3d.tlog\link.write.1.tlog
