  UIText.cpp
C:\Development\Oxcart\Oxcart\src\core\Window.h(44,21): warning C4251: 'Window::myTitle': class 'std::basic_string<char,std::char_traits<char>,std::allocator<char>>' needs to have dll-interface to be used by clients of class 'Window'
C:\Program Files (x86)\Microsoft Visual Studio\2019\Community\VC\Tools\MSVC\14.27.29110\include\xstring(4564): message : see declaration of 'std::basic_string<char,std::char_traits<char>,std::allocator<char>>'
C:\Development\Oxcart\Oxcart\src\core\Window.h(27,47): warning C4244: 'return': conversion from 'const int' to 'float', possible loss of data
C:\Development\Oxcart\Oxcart\src\core\Window.h(28,48): warning C4244: 'return': conversion from 'const int' to 'float', possible loss of data
C:\Development\Oxcart\Oxcart\src\graphics\Shader.h(32,24): warning C4251: 'Shader::myFilePath': class 'std::basic_string<char,std::char_traits<char>,std::allocator<char>>' needs to have dll-interface to be used by clients of class 'Shader'
C:\Program Files (x86)\Microsoft Visual Studio\2019\Community\VC\Tools\MSVC\14.27.29110\include\xstring(4564): message : see declaration of 'std::basic_string<char,std::char_traits<char>,std::allocator<char>>'
C:\Development\Oxcart\Oxcart\src\graphics\Shader.h(33,28): warning C4251: 'Shader::myVertexShader': class 'std::basic_string<char,std::char_traits<char>,std::allocator<char>>' needs to have dll-interface to be used by clients of class 'Shader'
C:\Program Files (x86)\Microsoft Visual Studio\2019\Community\VC\Tools\MSVC\14.27.29110\include\xstring(4564): message : see declaration of 'std::basic_string<char,std::char_traits<char>,std::allocator<char>>'
C:\Development\Oxcart\Oxcart\src\graphics\Shader.h(34,30): warning C4251: 'Shader::myFragmentShader': class 'std::basic_string<char,std::char_traits<char>,std::allocator<char>>' needs to have dll-interface to be used by clients of class 'Shader'
C:\Program Files (x86)\Microsoft Visual Studio\2019\Community\VC\Tools\MSVC\14.27.29110\include\xstring(4564): message : see declaration of 'std::basic_string<char,std::char_traits<char>,std::allocator<char>>'
C:\Development\Oxcart\Oxcart\src\ui\UIText.h(13,1): warning C4275: non dll-interface class 'UIElement' used as base for dll-interface class 'UIText'
C:\Development\Oxcart\Oxcart\src\ui\UIElement.h(7): message : see declaration of 'UIElement'
C:\Development\Oxcart\Oxcart\src\ui\UIText.h(12): message : see declaration of 'UIText'
C:\Development\Oxcart\Oxcart\src\ui\UIText.h(29,20): warning C4251: 'UIText::myText': class 'std::basic_string<char,std::char_traits<char>,std::allocator<char>>' needs to have dll-interface to be used by clients of class 'UIText'
C:\Program Files (x86)\Microsoft Visual Studio\2019\Community\VC\Tools\MSVC\14.27.29110\include\xstring(4564): message : see declaration of 'std::basic_string<char,std::char_traits<char>,std::allocator<char>>'
C:\Development\Oxcart\Oxcart\src\ui\UIText.h(32,40): warning C4251: 'UIText::myCharacters': class 'std::map<char,Character,std::less<char>,std::allocator<std::pair<const char,Character>>>' needs to have dll-interface to be used by clients of class 'UIText'
C:\Development\Oxcart\Oxcart\src\ui\UIText.h(32): message : see declaration of 'std::map<char,Character,std::less<char>,std::allocator<std::pair<const char,Character>>>'
C:\Development\Oxcart\Oxcart\src\ui\UIText.cpp(62,68): warning C4838: conversion from 'unsigned int' to 'int' requires a narrowing conversion
C:\Development\Oxcart\Oxcart\src\ui\UIText.cpp(62,99): warning C4838: conversion from 'unsigned int' to 'int' requires a narrowing conversion
C:\Development\Oxcart\Oxcart\src\ui\UIText.cpp(62,189): warning C4838: conversion from 'FT_Pos' to 'unsigned int' requires a narrowing conversion
C:\Development\Oxcart\Oxcart\src\ui\UIText.cpp(133,64): warning C4244: '+=': conversion from 'float' to 'int', possible loss of data
C:\Development\Oxcart\Oxcart\src\ui\UIText.cpp(134,29): warning C4244: '=': conversion from 'float' to 'int', possible loss of data
C:\Development\Oxcart\Oxcart\src\ui\UIText.cpp(159,58): warning C4244: '+=': conversion from 'float' to 'int', possible loss of data
  Oxcart.vcxproj -> C:\Development\Oxcart\binaries\Oxcart\Debug-x64\Oxcart.dll
