  Camera.cpp
  Component.cpp
  Transform.cpp
  Window.cpp
C:\Development\Oxcart\OpenGL3D\src\core\Window.cpp(48,25): warning C4244: 'initializing': conversion from 'double' to 'float', possible loss of data
  Mesh.cpp
C:\Development\Oxcart\OpenGL3D\src\data\Mesh.cpp(62,74): warning C4267: 'argument': conversion from 'size_t' to 'GLsizei', possible loss of data
  Model.cpp
  Texture2D.cpp
C:\Development\Oxcart\OpenGL3D\src\data\Texture2D.cpp(1,10): warning C4067: unexpected tokens following preprocessor directive - expected a newline
  Vertex.cpp
  Shader.cpp
  Texture.cpp
  Keyboard.cpp
  Mouse.cpp
  Main.cpp
C:\Development\Oxcart\OpenGL3D\src\Main.cpp(184,30): warning C4244: 'initializing': conversion from 'double' to 'float', possible loss of data
  Math.cpp
  Matrix4x4.cpp
  Triangle.cpp
  Vector2D.cpp
  Vector3D.cpp
  Vector4D.cpp
  Sandbox.cpp
  Generating Code...
  Compiling...
  glm.cpp
  stb_image.cpp
  Generating Code...
Window.obj : error LNK2019: unresolved external symbol glewInit referenced in function "public: void __cdecl Window::Run(void)" (?Run@Window@@QEAAXXZ)
Main.obj : error LNK2001: unresolved external symbol glewInit
Window.obj : error LNK2019: unresolved external symbol glfwInit referenced in function "public: void __cdecl Window::Run(void)" (?Run@Window@@QEAAXXZ)
Main.obj : error LNK2001: unresolved external symbol glfwInit
Window.obj : error LNK2019: unresolved external symbol glfwTerminate referenced in function "public: void __cdecl Window::Run(void)" (?Run@Window@@QEAAXXZ)
Main.obj : error LNK2001: unresolved external symbol glfwTerminate
Window.obj : error LNK2019: unresolved external symbol glfwCreateWindow referenced in function "public: void __cdecl Window::Run(void)" (?Run@Window@@QEAAXXZ)
Main.obj : error LNK2001: unresolved external symbol glfwCreateWindow
Window.obj : error LNK2019: unresolved external symbol glfwWindowShouldClose referenced in function "public: void __cdecl Window::Run(void)" (?Run@Window@@QEAAXXZ)
Main.obj : error LNK2001: unresolved external symbol glfwWindowShouldClose
Window.obj : error LNK2019: unresolved external symbol glfwPollEvents referenced in function "public: void __cdecl Window::Run(void)" (?Run@Window@@QEAAXXZ)
Main.obj : error LNK2001: unresolved external symbol glfwPollEvents
Window.obj : error LNK2019: unresolved external symbol glfwSetInputMode referenced in function "public: void __cdecl Window::Run(void)" (?Run@Window@@QEAAXXZ)
Main.obj : error LNK2001: unresolved external symbol glfwSetInputMode
Sandbox.obj : error LNK2001: unresolved external symbol glfwSetInputMode
Window.obj : error LNK2019: unresolved external symbol glfwGetTime referenced in function "public: void __cdecl Window::Run(void)" (?Run@Window@@QEAAXXZ)
Main.obj : error LNK2001: unresolved external symbol glfwGetTime
Window.obj : error LNK2019: unresolved external symbol glfwMakeContextCurrent referenced in function "public: void __cdecl Window::Run(void)" (?Run@Window@@QEAAXXZ)
Main.obj : error LNK2001: unresolved external symbol glfwMakeContextCurrent
Window.obj : error LNK2019: unresolved external symbol glfwSwapBuffers referenced in function "public: void __cdecl Window::Run(void)" (?Run@Window@@QEAAXXZ)
Main.obj : error LNK2001: unresolved external symbol glfwSwapBuffers
Mesh.obj : error LNK2001: unresolved external symbol __glewActiveTexture
Texture.obj : error LNK2001: unresolved external symbol __glewActiveTexture
Mesh.obj : error LNK2001: unresolved external symbol __glewBindBuffer
Main.obj : error LNK2001: unresolved external symbol __glewBindBuffer
Mesh.obj : error LNK2001: unresolved external symbol __glewBufferData
Main.obj : error LNK2001: unresolved external symbol __glewBufferData
Mesh.obj : error LNK2001: unresolved external symbol __glewGenBuffers
Main.obj : error LNK2001: unresolved external symbol __glewGenBuffers
Mesh.obj : error LNK2001: unresolved external symbol __glewEnableVertexAttribArray
Main.obj : error LNK2001: unresolved external symbol __glewEnableVertexAttribArray
Mesh.obj : error LNK2001: unresolved external symbol __glewGetUniformLocation
Main.obj : error LNK2001: unresolved external symbol __glewGetUniformLocation
Sandbox.obj : error LNK2001: unresolved external symbol __glewGetUniformLocation
Mesh.obj : error LNK2001: unresolved external symbol __glewUniform1i
Main.obj : error LNK2001: unresolved external symbol __glewUniform1i
Sandbox.obj : error LNK2001: unresolved external symbol __glewUniform1i
Mesh.obj : error LNK2001: unresolved external symbol __glewVertexAttribPointer
Main.obj : error LNK2001: unresolved external symbol __glewVertexAttribPointer
Mesh.obj : error LNK2001: unresolved external symbol __glewBindVertexArray
Main.obj : error LNK2001: unresolved external symbol __glewBindVertexArray
Mesh.obj : error LNK2001: unresolved external symbol __glewGenVertexArrays
Main.obj : error LNK2001: unresolved external symbol __glewGenVertexArrays
Model.obj : error LNK2019: unresolved external symbol "public: __cdecl Assimp::Importer::Importer(void)" (??0Importer@Assimp@@QEAA@XZ) referenced in function "private: void __cdecl Model::LoadModel(class std::basic_string<char,struct std::char_traits<char>,class std::allocator<char> > const &)" (?LoadModel@Model@@AEAAXAEBV?$basic_string@DU?$char_traits@D@std@@V?$allocator@D@2@@std@@@Z)
Model.obj : error LNK2019: unresolved external symbol "public: __cdecl Assimp::Importer::~Importer(void)" (??1Importer@Assimp@@QEAA@XZ) referenced in function "private: void __cdecl Model::LoadModel(class std::basic_string<char,struct std::char_traits<char>,class std::allocator<char> > const &)" (?LoadModel@Model@@AEAAXAEBV?$basic_string@DU?$char_traits@D@std@@V?$allocator@D@2@@std@@@Z)
Model.obj : error LNK2019: unresolved external symbol "public: struct aiScene const * __cdecl Assimp::Importer::ReadFile(char const *,unsigned int)" (?ReadFile@Importer@Assimp@@QEAAPEBUaiScene@@PEBDI@Z) referenced in function "public: struct aiScene const * __cdecl Assimp::Importer::ReadFile(class std::basic_string<char,struct std::char_traits<char>,class std::allocator<char> > const &,unsigned int)" (?ReadFile@Importer@Assimp@@QEAAPEBUaiScene@@AEBV?$basic_string@DU?$char_traits@D@std@@V?$allocator@D@2@@std@@I@Z)
Model.obj : error LNK2019: unresolved external symbol "public: char const * __cdecl Assimp::Importer::GetErrorString(void)const " (?GetErrorString@Importer@Assimp@@QEBAPEBDXZ) referenced in function "private: void __cdecl Model::LoadModel(class std::basic_string<char,struct std::char_traits<char>,class std::allocator<char> > const &)" (?LoadModel@Model@@AEAAXAEBV?$basic_string@DU?$char_traits@D@std@@V?$allocator@D@2@@std@@@Z)
Model.obj : error LNK2019: unresolved external symbol aiGetMaterialTextureCount referenced in function "public: unsigned int __cdecl aiMaterial::GetTextureCount(enum aiTextureType)const " (?GetTextureCount@aiMaterial@@QEBAIW4aiTextureType@@@Z)
Model.obj : error LNK2019: unresolved external symbol aiGetMaterialTexture referenced in function "public: enum aiReturn __cdecl aiMaterial::GetTexture(enum aiTextureType,unsigned int,struct aiString *,enum aiTextureMapping *,unsigned int *,float *,enum aiTextureOp *,enum aiTextureMapMode *)const " (?GetTexture@aiMaterial@@QEBA?AW4aiReturn@@W4aiTextureType@@IPEAUaiString@@PEAW4aiTextureMapping@@PEAIPEAMPEAW4aiTextureOp@@PEAW4aiTextureMapMode@@@Z)
Model.obj : error LNK2001: unresolved external symbol __glewGenerateMipmap
Texture.obj : error LNK2001: unresolved external symbol __glewGenerateMipmap
Shader.obj : error LNK2001: unresolved external symbol __glewAttachShader
Shader.obj : error LNK2001: unresolved external symbol __glewCompileShader
Shader.obj : error LNK2001: unresolved external symbol __glewCreateProgram
Shader.obj : error LNK2001: unresolved external symbol __glewCreateShader
Shader.obj : error LNK2001: unresolved external symbol __glewDeleteShader
Shader.obj : error LNK2001: unresolved external symbol __glewLinkProgram
Shader.obj : error LNK2001: unresolved external symbol __glewShaderSource
Keyboard.obj : error LNK2019: unresolved external symbol glfwGetKey referenced in function "public: static bool __cdecl Keyboard::IsKeyDown(enum KeyCode,struct GLFWwindow *)" (?IsKeyDown@Keyboard@@SA_NW4KeyCode@@PEAUGLFWwindow@@@Z)
Mouse.obj : error LNK2019: unresolved external symbol glfwGetCursorPos referenced in function "public: static struct Vector2D __cdecl Mouse::GetPosition(struct GLFWwindow *)" (?GetPosition@Mouse@@SA?AUVector2D@@PEAUGLFWwindow@@@Z)
Main.obj : error LNK2001: unresolved external symbol __glewDeleteBuffers
Main.obj : error LNK2001: unresolved external symbol __glewUniform1f
Sandbox.obj : error LNK2001: unresolved external symbol __glewUniform1f
Main.obj : error LNK2001: unresolved external symbol __glewUniform3f
Sandbox.obj : error LNK2001: unresolved external symbol __glewUniform3f
Main.obj : error LNK2001: unresolved external symbol __glewUniformMatrix4fv
Sandbox.obj : error LNK2001: unresolved external symbol __glewUniformMatrix4fv
Main.obj : error LNK2001: unresolved external symbol __glewUseProgram
Sandbox.obj : error LNK2001: unresolved external symbol __glewUseProgram
Main.obj : error LNK2001: unresolved external symbol __glewDeleteVertexArrays
C:\Development\Oxcart\Dependencies\GLEW\lib\Release\Win32\glew32s.lib : warning LNK4272: library machine type 'x86' conflicts with target machine type 'x64'
C:\Development\Oxcart\Dependencies\GLFW\lib-vc2019\glfw3.lib : warning LNK4272: library machine type 'x86' conflicts with target machine type 'x64'
C:\Development\Oxcart\Dependencies\Assimp\lib\assimp.lib : warning LNK4272: library machine type 'x86' conflicts with target machine type 'x64'
C:\Development\Oxcart\x64\Debug\OpenGL3D.exe : fatal error LNK1120: 42 unresolved externals
